<?xml version="1.0" encoding="UTF-8"?>
<!-- Generated by org.testng.reporters.JUnitXMLReporter -->
<testsuite hostname="Vinay.local" ignored="0" name="Default test" tests="3" failures="0" timestamp="09 Apr 2022 06:14:18 GMT" time="0.055" errors="0">
  <testcase name="login" time="0.012" classname="TestNGPractice.TestNGPractice.AppTest4"/>
  <testcase name="login" time="0.002" classname="TestNGPractice.TestNGPractice.AppTest4"/>
  <testcase name="login" time="0.001" classname="TestNGPractice.TestNGPractice.AppTest4"/>
</testsuite> <!-- Default test -->
