<?xml version="1.0" encoding="UTF-8"?>
<!-- Generated by org.testng.reporters.JUnitXMLReporter -->
<testsuite hostname="Vinay.local" ignored="0" name="Test" tests="4" failures="2" timestamp="09 Apr 2022 07:19:00 GMT" time="0.101" errors="0">
  <testcase name="login1" time="0.017" classname="TestNGPractice.TestNGPractice.AppTest7">
    <skipped/>
  </testcase> <!-- login1 -->
  <testcase name="login1" time="0.002" classname="TestNGPractice.TestNGPractice.AppTest7">
    <failure type="java.lang.AssertionError" message="null">
      <![CDATA[java.lang.AssertionError: null
at TestNGPractice.TestNGPractice.AppTest7.login1(AppTest7.java:36)
... Removed 27 stack frames]]>
    </failure>
  </testcase> <!-- login1 -->
  <testcase name="login2" time="0.003" classname="TestNGPractice.TestNGPractice.AppTest7">
    <skipped/>
  </testcase> <!-- login2 -->
  <testcase name="login2" time="0.002" classname="TestNGPractice.TestNGPractice.AppTest7">
    <failure type="java.lang.AssertionError" message="null">
      <![CDATA[java.lang.AssertionError: null
at TestNGPractice.TestNGPractice.AppTest7.login2(AppTest7.java:44)
... Removed 27 stack frames]]>
    </failure>
  </testcase> <!-- login2 -->
</testsuite> <!-- Test -->
